<?xml version="1.0" encoding="UTF-8"?>
<!-- Generated by org.testng.reporters.JUnitReportReporter -->
<testsuite hostname="LAPTOP-L3JJ60AV" failures="0" tests="1" name="com.stepdef.RunnerTest" time="26.787" errors="0" timestamp="2021-04-28T23:55:03 IST" skipped="0">
  <testcase classname="com.stepdef.RunnerTest" name="runScenario" time="26.787"/>
  <system-out/>
</testsuite> <!-- com.stepdef.RunnerTest -->
