<?xml version="1.0" encoding="UTF-8"?>
<!-- Generated by org.testng.reporters.JUnitReportReporter -->
<testsuite hostname="LAPTOP-L3JJ60AV" failures="0" tests="1" name="com.stepdef.RunnerTest" time="7.560" errors="0" timestamp="2021-05-05T10:16:49 IST" skipped="0">
  <testcase classname="com.stepdef.RunnerTest" name="runScenario" time="7.560"/>
  <system-out/>
</testsuite> <!-- com.stepdef.RunnerTest -->
